2019-01-08 15:43:05 [221.209.62.206][-][-][error][yii\db\Exception] PDOException: SQLSTATE[42S22]: Column not found: 1054 Unknown column 'user_id' in 'where clause' in /www/wwwroot/myshop/vendor/yiisoft/yii2/db/Command.php:1258
Stack trace:
#0 /www/wwwroot/myshop/vendor/yiisoft/yii2/db/Command.php(1258): PDOStatement->execute()
#1 /www/wwwroot/myshop/vendor/yiisoft/yii2/db/Command.php(1148): yii\db\Command->internalExecute('SELECT * FROM `...')
#2 /www/wwwroot/myshop/vendor/yiisoft/yii2/db/Command.php(413): yii\db\Command->queryInternal('fetch', NULL)
#3 /www/wwwroot/myshop/vendor/yiisoft/yii2/db/Query.php(274): yii\db\Command->queryOne()
#4 /www/wwwroot/myshop/vendor/yiisoft/yii2/db/ActiveQuery.php(292): yii\db\Query->one(NULL)
#5 /www/wwwroot/myshop/frontend/modules/v1/models/FUser.php(17): yii\db\ActiveQuery->one()
#6 /www/wwwroot/myshop/frontend/modules/v1/controllers/GoodsController.php(55): frontend\modules\v1\models\FUser::isDistributor(NULL)
#7 [internal function]: frontend\modules\v1\controllers\GoodsController->actionIndex()
#8 /www/wwwroot/myshop/vendor/yiisoft/yii2/base/InlineAction.php(57): call_user_func_array(Array, Array)
#9 /www/wwwroot/myshop/vendor/yiisoft/yii2/base/Controller.php(157): yii\base\InlineAction->runWithParams(Array)
#10 /www/wwwroot/myshop/vendor/yiisoft/yii2/base/Module.php(528): yii\base\Controller->runAction('index', Array)
#11 /www/wwwroot/myshop/vendor/yiisoft/yii2/web/Application.php(103): yii\base\Module->runAction('v1/goods/index', Array)
#12 /www/wwwroot/myshop/vendor/yiisoft/yii2/base/Application.php(386): yii\web\Application->handleRequest(Object(frontend\components\rest\Request))
#13 /www/wwwroot/myshop/frontend/web/index.php(17): yii\base\Application->run()
#14 {main}

Next yii\db\Exception: SQLSTATE[42S22]: Column not found: 1054 Unknown column 'user_id' in 'where clause'
The SQL being executed was: SELECT * FROM `f_user` WHERE `user_id` IS NULL in /www/wwwroot/myshop/vendor/yiisoft/yii2/db/Schema.php:664
Stack trace:
#0 /www/wwwroot/myshop/vendor/yiisoft/yii2/db/Command.php(1263): yii\db\Schema->convertException(Object(PDOException), 'SELECT * FROM `...')
#1 /www/wwwroot/myshop/vendor/yiisoft/yii2/db/Command.php(1148): yii\db\Command->internalExecute('SELECT * FROM `...')
#2 /www/wwwroot/myshop/vendor/yiisoft/yii2/db/Command.php(413): yii\db\Command->queryInternal('fetch', NULL)
#3 /www/wwwroot/myshop/vendor/yiisoft/yii2/db/Query.php(274): yii\db\Command->queryOne()
#4 /www/wwwroot/myshop/vendor/yiisoft/yii2/db/ActiveQuery.php(292): yii\db\Query->one(NULL)
#5 /www/wwwroot/myshop/frontend/modules/v1/models/FUser.php(17): yii\db\ActiveQuery->one()
#6 /www/wwwroot/myshop/frontend/modules/v1/controllers/GoodsController.php(55): frontend\modules\v1\models\FUser::isDistributor(NULL)
#7 [internal function]: frontend\modules\v1\controllers\GoodsController->actionIndex()
#8 /www/wwwroot/myshop/vendor/yiisoft/yii2/base/InlineAction.php(57): call_user_func_array(Array, Array)
#9 /www/wwwroot/myshop/vendor/yiisoft/yii2/base/Controller.php(157): yii\base\InlineAction->runWithParams(Array)
#10 /www/wwwroot/myshop/vendor/yiisoft/yii2/base/Module.php(528): yii\base\Controller->runAction('index', Array)
#11 /www/wwwroot/myshop/vendor/yiisoft/yii2/web/Application.php(103): yii\base\Module->runAction('v1/goods/index', Array)
#12 /www/wwwroot/myshop/vendor/yiisoft/yii2/base/Application.php(386): yii\web\Application->handleRequest(Object(frontend\components\rest\Request))
#13 /www/wwwroot/myshop/frontend/web/index.php(17): yii\base\Application->run()
#14 {main}
Additional Information:
Array
(
    [0] => 42S22
    [1] => 1054
    [2] => Unknown column 'user_id' in 'where clause'
)

2019-01-08 15:43:05 [221.209.62.206][-][-][info][application] $_GET = [
    'token' => 'oIzMq0imQsGjutk9w9951YzStyG0'
]

$_POST = []

$_FILES = []

$_COOKIE = []

$_SERVER = [
    'USER' => 'www'
    'HOME' => '/home/www'
    'HTTP_CONNECTION' => 'keep-alive'
    'HTTP_ACCEPT_ENCODING' => 'gzip, deflate'
    'HTTP_HOST' => '39.108.230.44'
    'HTTP_ACCEPT' => '*/*'
    'HTTP_USER_AGENT' => 'PostmanRuntime/7.1.1'
    'HTTP_POSTMAN_TOKEN' => '3725d73b-1b48-4d63-8acd-12f6a58fef72'
    'HTTP_CACHE_CONTROL' => 'no-cache'
    'PATH_INFO' => ''
    'REDIRECT_STATUS' => '200'
    'SERVER_NAME' => '39.108.230.44'
    'SERVER_PORT' => '80'
    'SERVER_ADDR' => '172.16.18.38'
    'REMOTE_PORT' => '60972'
    'REMOTE_ADDR' => '221.209.62.206'
    'SERVER_SOFTWARE' => 'nginx/1.8.1'
    'GATEWAY_INTERFACE' => 'CGI/1.1'
    'SERVER_PROTOCOL' => 'HTTP/1.1'
    'DOCUMENT_ROOT' => '/www/wwwroot/myshop/frontend/web'
    'DOCUMENT_URI' => '/index.php'
    'REQUEST_URI' => '/v1/goods/index?token=oIzMq0imQsGjutk9w9951YzStyG0'
    'SCRIPT_NAME' => '/index.php'
    'CONTENT_LENGTH' => ''
    'CONTENT_TYPE' => ''
    'REQUEST_METHOD' => 'GET'
    'QUERY_STRING' => 'token=oIzMq0imQsGjutk9w9951YzStyG0'
    'SCRIPT_FILENAME' => '/www/wwwroot/myshop/frontend/web/index.php'
    'FCGI_ROLE' => 'RESPONDER'
    'PHP_SELF' => '/index.php'
    'REQUEST_TIME_FLOAT' => 1546933385.6586
    'REQUEST_TIME' => 1546933385
]
